<?xml version="1.0" encoding="UTF-8" ?>
<testsuite tests="1" failures="0" name="com.test.ArticleTest" time="0.31" errors="0" skipped="0">
  <properties>
    <property name="idea.version" value="2023.1.6"/>
    <property name="java.runtime.name" value="Java(TM) SE Runtime Environment"/>
    <property name="sun.boot.library.path" value="C:\Program Files\Java\jdk1.8.0_101\jre\bin"/>
    <property name="java.vm.version" value="25.101-b13"/>
    <property name="java.vm.vendor" value="Oracle Corporation"/>
    <property name="maven.multiModuleProjectDirectory" value="C:\Users\23986\OneDrive\桌面\Quilt_Blog"/>
    <property name="java.vendor.url" value="http://java.oracle.com/"/>
    <property name="path.separator" value=";"/>
    <property name="guice.disable.misplaced.annotation.check" value="true"/>
    <property name="java.vm.name" value="Java HotSpot(TM) 64-Bit Server VM"/>
    <property name="file.encoding.pkg" value="sun.io"/>
    <property name="user.script" value=""/>
    <property name="user.country" value="CN"/>
    <property name="sun.java.launcher" value="SUN_STANDARD"/>
    <property name="sun.os.patch.level" value=""/>
    <property name="java.vm.specification.name" value="Java Virtual Machine Specification"/>
    <property name="user.dir" value="C:\Users\23986\OneDrive\桌面\Quilt_Blog"/>
    <property name="java.runtime.version" value="1.8.0_101-b13"/>
    <property name="java.awt.graphicsenv" value="sun.awt.Win32GraphicsEnvironment"/>
    <property name="java.endorsed.dirs" value="C:\Program Files\Java\jdk1.8.0_101\jre\lib\endorsed"/>
    <property name="os.arch" value="amd64"/>
    <property name="java.io.tmpdir" value="C:\Users\23986\AppData\Local\Temp\"/>
    <property name="line.separator" value="
"/>
    <property name="java.vm.specification.vendor" value="Oracle Corporation"/>
    <property name="user.variant" value=""/>
    <property name="os.name" value="Windows 10"/>
    <property name="maven.ext.class.path" value="E:\IntelliJ IDEA 2022.3.2\plugins\maven\lib\maven-event-listener.jar"/>
    <property name="classworlds.conf" value="E:\IntelliJ IDEA 2022.3.2\plugins\maven\lib\maven3\bin\m2.conf"/>
    <property name="sun.jnu.encoding" value="GBK"/>
    <property name="java.library.path" value="C:\Program Files\Java\jdk1.8.0_101\bin;C:\WINDOWS\Sun\Java\bin;C:\WINDOWS\system32;C:\WINDOWS;E:\VMware Workstation\bin\;C:\Program Files (x86)\Common Files\Oracle\Java\java8path;C:\Program Files (x86)\Common Files\Oracle\Java\javapath;C:\Users\23986\AppData\Local\Programs\Python\Python312\Scripts;C:\Program Files\dotnet\;C:\Program Files\MySQL\MySQL Server 8.0\bin;C:\Windows\System32;E:\Git\cmd;E:\IntelliJ IDEA 2022.3.2\apache-maven-3.5.3-bin\apache-maven-3.5.3\bin;C:\Program Files\Git LFS;E:\Matlab\bin;C:\Program Files (x86)\NVIDIA Corporation\PhysX\Common;C:\WINDOWS;C:\WINDOWS\System32\OpenSSH;C:\WINDOWS\System32\Wbem;C:\WINDOWS\System32\WindowsPowerShell\v1.0;C:\Program Files\nodejs;C:\Program Files\nodejs\;C:\WINDOWS\system32;C:\WINDOWS\System32\WindowsPowerShell\v1.0\;C:\WINDOWS\System32\OpenSSH\;C:\Users\23986\AppData\Local\Programs\Python\Launcher\;C:\Users\23986\AppData\Local\Microsoft\WindowsApps;E:\CLion 2022.3.2\CLion 2023.2.2\bin;;E:\PyCharm 2023.3.2\bin;;E:\IntelliJ IDEA 2022.3.2\apache-tomcat-10.1.19-windows-x64\apache-tomcat-10.1.19\bin;%CATALINA_HOME%\bin;C:\Program Files\Java\jdk1.8.0_152\bin;C:\Program Files\Java\jdk1.8.0_152\jre\bin;C:\Users\23986\AppData\Local\Programs\Microsoft VS Code\bin;C:\Program Files\nodejs\node_global;C:\Program Files\nodejs;;."/>
    <property name="jansi.passthrough" value="true"/>
    <property name="maven.conf" value="E:\IntelliJ IDEA 2022.3.2\plugins\maven\lib\maven3/conf"/>
    <property name="java.specification.name" value="Java Platform API Specification"/>
    <property name="java.class.version" value="52.0"/>
    <property name="sun.management.compiler" value="HotSpot 64-Bit Tiered Compilers"/>
    <property name="os.version" value="10.0"/>
    <property name="user.home" value="C:\Users\23986"/>
    <property name="user.timezone" value="GMT+08:00"/>
    <property name="java.awt.printerjob" value="sun.awt.windows.WPrinterJob"/>
    <property name="java.specification.version" value="1.8"/>
    <property name="file.encoding" value="UTF-8"/>
    <property name="user.name" value="梦一场"/>
    <property name="java.class.path" value="E:\IntelliJ IDEA 2022.3.2\plugins\maven\lib\maven3\boot\plexus-classworlds-2.6.0.jar;E:\IntelliJ IDEA 2022.3.2\plugins\maven\lib\maven3\boot\plexus-classworlds.license;E:\IntelliJ IDEA 2022.3.2\lib\idea_rt.jar"/>
    <property name="java.vm.specification.version" value="1.8"/>
    <property name="sun.arch.data.model" value="64"/>
    <property name="java.home" value="C:\Program Files\Java\jdk1.8.0_101\jre"/>
    <property name="sun.java.command" value="org.codehaus.classworlds.Launcher -Didea.version=2023.1.6 package"/>
    <property name="java.specification.vendor" value="Oracle Corporation"/>
    <property name="user.language" value="zh"/>
    <property name="awt.toolkit" value="sun.awt.windows.WToolkit"/>
    <property name="java.vm.info" value="mixed mode"/>
    <property name="java.version" value="1.8.0_101"/>
    <property name="java.ext.dirs" value="C:\Program Files\Java\jdk1.8.0_101\jre\lib\ext;C:\WINDOWS\Sun\Java\lib\ext"/>
    <property name="sun.boot.class.path" value="C:\Program Files\Java\jdk1.8.0_101\jre\lib\resources.jar;C:\Program Files\Java\jdk1.8.0_101\jre\lib\rt.jar;C:\Program Files\Java\jdk1.8.0_101\jre\lib\sunrsasign.jar;C:\Program Files\Java\jdk1.8.0_101\jre\lib\jsse.jar;C:\Program Files\Java\jdk1.8.0_101\jre\lib\jce.jar;C:\Program Files\Java\jdk1.8.0_101\jre\lib\charsets.jar;C:\Program Files\Java\jdk1.8.0_101\jre\lib\jfr.jar;C:\Program Files\Java\jdk1.8.0_101\jre\classes"/>
    <property name="java.vendor" value="Oracle Corporation"/>
    <property name="maven.home" value="E:\IntelliJ IDEA 2022.3.2\plugins\maven\lib\maven3"/>
    <property name="file.separator" value="\"/>
    <property name="java.vendor.url.bug" value="http://bugreport.sun.com/bugreport/"/>
    <property name="sun.cpu.endian" value="little"/>
    <property name="sun.io.unicode.encoding" value="UnicodeLittle"/>
    <property name="sun.desktop" value="windows"/>
    <property name="sun.cpu.isalist" value="amd64"/>
  </properties>
  <testcase classname="com.test.ArticleTest" name="test" time="0.31"/>
</testsuite>